========================================
Gibbon sequential mktree w/ (fib_seq 20) at leaves
========================================

[nix-shell:~/tree-velocity/gibbon-compiler/examples/parallel]$ ./SeqTree.exe 20 9
ITERS: 9
SIZE: 20
BATCHTIME: 2.323207e+02
SELFTIMED: 2.581341e+01
7095713770

[nix-shell:~/tree-velocity/gibbon-compiler/examples/parallel]$ ./SeqTree.exe 21 1
ITERS: 1
SIZE: 21
BATCHTIME: 5.108484e+01
SELFTIMED: 5.108484e+01
14191427561

[nix-shell:~/tree-velocity/gibbon-compiler/examples/parallel]$ ./SeqTree.exe 22
ITERS: 1
SIZE: 22
BATCHTIME: 1.021793e+02
SELFTIMED: 1.021793e+02
28382855144

[nix-shell:~/tree-velocity/gibbon-compiler/examples/parallel]$ ./SeqTree.exe 23
ITERS: 1
SIZE: 23
BATCHTIME: 2.057992e+02
SELFTIMED: 2.057992e+02
56765710311

[nix-shell:~/tree-velocity/gibbon-compiler/examples/parallel]$ ./SeqTree.exe 24
ITERS: 1
SIZE: 24
BATCHTIME: 4.108062e+02
SELFTIMED: 4.108062e+02
113531420646

[nix-shell:~/tree-velocity/gibbon-compiler/examples/parallel]$ ./SeqTree.exe 25
ITERS: 1
SIZE: 25
BATCHTIME: 8.229568e+02
SELFTIMED: 8.229568e+02
227062841317

[nix-shell:~/tree-velocity/gibbon-compiler/examples/parallel]$ ./SeqTree.exe 26
ITERS: 1
SIZE: 26
BATCHTIME: 1.642692e+03
SELFTIMED: 1.642692e+03
454125682660



========================================
Gibbon parallel mktree w/ (fib_seq 20) at leaves
========================================

[nix-shell:~/tree-velocity/gibbon-compiler/examples/parallel]$ ./ParTree.exe 20 9
ITERS: 9
SIZE: 20
BATCHTIME: 6.694775e+01
SELFTIMED: 7.438639e+00
7095713770

[nix-shell:~/tree-velocity/gibbon-compiler/examples/parallel]$ ./ParTree.exe 21 1
ITERS: 1
SIZE: 21
BATCHTIME: 8.362123e+00
SELFTIMED: 8.362123e+00
14191427561

[nix-shell:~/tree-velocity/gibbon-compiler/examples/parallel]$ ./ParTree.exe 22
ITERS: 1
SIZE: 22
BATCHTIME: 8.723153e+00
SELFTIMED: 8.723153e+00
28382855144

[nix-shell:~/tree-velocity/gibbon-compiler/examples/parallel]$ ./ParTree.exe 23
ITERS: 1
SIZE: 23
BATCHTIME: 1.682488e+01
SELFTIMED: 1.682488e+01
56765710311

[nix-shell:~/tree-velocity/gibbon-compiler/examples/parallel]$ ./ParTree.exe 24
ITERS: 1
SIZE: 24
BATCHTIME: 3.277186e+01
SELFTIMED: 3.277186e+01
113531420646

[nix-shell:~/tree-velocity/gibbon-compiler/examples/parallel]$ ./ParTree.exe 25
ITERS: 1
SIZE: 25
BATCHTIME: 6.456420e+01
SELFTIMED: 6.456420e+01
227062841317

[nix-shell:~/tree-velocity/gibbon-compiler/examples/parallel]$ ./ParTree.exe 26
ITERS: 1
SIZE: 26
BATCHTIME: 1.217674e+02
SELFTIMED: 1.217674e+02
454125682660


========================================
MPL sequential mktree w/ (fib_seq 20) at leaves
========================================

========================================
MPL parallel mktree w/ (fib_seq 20) at leaves
========================================
