========================================
parallel mktree
========================================

[nix-shell:~/tree-velocity/gibbon-compiler/examples/parallel]$ ./seqtree.exe 20 9
ITERS: 9
SIZE: 20
BATCHTIME: 2.860751e-01
SELFTIMED: 3.178612e-02
3145706

[nix-shell:~/tree-velocity/gibbon-compiler/examples/parallel]$ ./partree.exe 20 9
ITERS: 9
SIZE: 20
BATCHTIME: 4.642861e-02
SELFTIMED: 5.158734e-03
3145706

[nix-shell:~/tree-velocity/gibbon-compiler/examples/parallel]$ ./seqtree.exe 21 9
ITERS: 9
SIZE: 21
BATCHTIME: 3.244024e-01
SELFTIMED: 3.604471e-02
6291433

[nix-shell:~/tree-velocity/gibbon-compiler/examples/parallel]$ ./partree.exe 21 9
ITERS: 9
SIZE: 21
BATCHTIME: 8.428389e-02
SELFTIMED: 9.364877e-03
6291433

[nix-shell:~/tree-velocity/gibbon-compiler/examples/parallel]$ ./seqtree.exe 22 9
ITERS: 9
SIZE: 22
BATCHTIME: 9.443676e-01
SELFTIMED: 1.049297e-01
12582888

[nix-shell:~/tree-velocity/gibbon-compiler/examples/parallel]$ ./partree.exe 22 9
ITERS: 9
SIZE: 22
BATCHTIME: 1.434483e-01
SELFTIMED: 1.593870e-02
12582888

[nix-shell:~/tree-velocity/gibbon-compiler/examples/parallel]$ ./seqtree.exe 23 9
ITERS: 9
SIZE: 23
BATCHTIME: 1.610499e+00
SELFTIMED: 1.789443e-01
25165799

[nix-shell:~/tree-velocity/gibbon-compiler/examples/parallel]$ ./partree.exe 23 9
ITERS: 9
SIZE: 23
BATCHTIME: 2.227915e-01
SELFTIMED: 2.475461e-02
25165799

[nix-shell:~/tree-velocity/gibbon-compiler/examples/parallel]$ ./seqtree.exe 24 9
ITERS: 9
SIZE: 24
BATCHTIME: 2.281891e+00
SELFTIMED: 2.535435e-01
50331622

[nix-shell:~/tree-velocity/gibbon-compiler/examples/parallel]$ ./partree.exe 24 9
ITERS: 9
SIZE: 24
BATCHTIME: 4.271489e-01
SELFTIMED: 4.746099e-02
50331622

[nix-shell:~/tree-velocity/gibbon-compiler/examples/parallel]$ ./seqtree.exe 25 9
ITERS: 9
SIZE: 25
BATCHTIME: 4.337281e+00
SELFTIMED: 4.819201e-01
100663269

[nix-shell:~/tree-velocity/gibbon-compiler/examples/parallel]$ ./partree.exe 25 9
ITERS: 9
SIZE: 25
BATCHTIME: 8.336114e-01
SELFTIMED: 9.262348e-02
100663269

[nix-shell:~/tree-velocity/gibbon-compiler/examples/parallel]$ ./seqtree.exe 26 9
ITERS: 9
SIZE: 26
BATCHTIME: 7.031591e+00
SELFTIMED: 7.812879e-01
201326564

[nix-shell:~/tree-velocity/gibbon-compiler/examples/parallel]$ ./partree.exe 26 9
ITERS: 9
SIZE: 26
BATCHTIME: 1.677898e+00
SELFTIMED: 1.834331e-01
201326564

[nix-shell:~/tree-velocity/gibbon-compiler/examples/parallel]$ ./seqtree.exe 27 1
ITERS: 1
SIZE: 27
BATCHTIME: 2.458361e+00
SELFTIMED: 2.458361e+00
402653155

[nix-shell:~/tree-velocity/gibbon-compiler/examples/parallel]$ ./partree.exe 27 1
ITERS: 1
SIZE: 27
BATCHTIME: 4.010145e-01
SELFTIMED: 4.010145e-01
402653155

[nix-shell:~/tree-velocity/gibbon-compiler/examples/parallel]$ ./seqtree.exe 28 1
ITERS: 1
SIZE: 28
BATCHTIME: 3.618022e+00
SELFTIMED: 3.618022e+00
805306338

[nix-shell:~/tree-velocity/gibbon-compiler/examples/parallel]$ ./partree.exe 28 1
ITERS: 1
SIZE: 28
BATCHTIME: 7.335535e-01
SELFTIMED: 7.335535e-01
805306338

[nix-shell:~/tree-velocity/gibbon-compiler/examples/parallel]$ ./seqtree.exe 29 1
ITERS: 1
SIZE: 29
BATCHTIME: 6.672781e+00
SELFTIMED: 6.672781e+00
1610612705

[nix-shell:~/tree-velocity/gibbon-compiler/examples/parallel]$ ./partree.exe 29 1
ITERS: 1
SIZE: 29
BATCHTIME: 1.541851e+00
SELFTIMED: 1.541851e+00
1610612705

[nix-shell:~/tree-velocity/gibbon-compiler/examples/parallel]$ ./seqtree.exe 30 1
ITERS: 1
SIZE: 30
BATCHTIME: 1.288501e+01
SELFTIMED: 1.288501e+01
3221225440

[nix-shell:~/tree-velocity/gibbon-compiler/examples/parallel]$ ./partree.exe 30 1
ITERS: 1
SIZE: 30
BATCHTIME: 2.964788e+00
SELFTIMED: 2.964788e+00
3221225440

[nix-shell:~/tree-velocity/gibbon-compiler/examples/parallel]$ ./seqtree.exe 31 1
ITERS: 1
SIZE: 31
BATCHTIME: 2.511030e+01
SELFTIMED: 2.511030e+01
6442450911

[nix-shell:~/tree-velocity/gibbon-compiler/examples/parallel]$ ./partree.exe 31 1
ITERS: 1
SIZE: 31
BATCHTIME: 5.647266e+00
SELFTIMED: 5.647266e+00
6442450911

[nix-shell:~/tree-velocity/gibbon-compiler/examples/parallel]$ ./partree.exe 23 9
ITERS: 9
SIZE: 23
BATCHTIME: 1.854879e-01
SELFTIMED: 2.060976e-02
25165799

[nix-shell:~/tree-velocity/gibbon-compiler/examples/parallel]$ ./partree.exe 24 9
ITERS: 9
SIZE: 24
BATCHTIME: 3.200225e-01
SELFTIMED: 3.555805e-02
50331622

[nix-shell:~/tree-velocity/gibbon-compiler/examples/parallel]$ ./partree.exe 25 9
ITERS: 9
SIZE: 25
BATCHTIME: 5.925119e-01
SELFTIMED: 6.583466e-02
100663269

[nix-shell:~/tree-velocity/gibbon-compiler/examples/parallel]$ ./partree.exe 26 1
ITERS: 1
SIZE: 26
BATCHTIME: 1.711255e-01
SELFTIMED: 1.711255e-01
201326564

[nix-shell:~/tree-velocity/gibbon-compiler/examples/parallel]$ ./partree.exe 27 1
ITERS: 1
SIZE: 27
BATCHTIME: 2.733042e-01
SELFTIMED: 2.733042e-01
402653155


[nix-shell:~/tree-velocity/gibbon-compiler/examples/parallel]$ ./partree.exe 28 1
ITERS: 1
SIZE: 28
BATCHTIME: 5.454445e-01
SELFTIMED: 5.454445e-01
805306338

[nix-shell:~/tree-velocity/gibbon-compiler/examples/parallel]$ ./partree.exe 29 1
ITERS: 1
SIZE: 29
BATCHTIME: 1.080453e+00
SELFTIMED: 1.080453e+00
1610612705

[nix-shell:~/tree-velocity/gibbon-compiler/examples/parallel]$ ./partree.exe 30 1
ITERS: 1
SIZE: 30
BATCHTIME: 2.077906e+00
SELFTIMED: 2.077906e+00
3221225440

[nix-shell:~/tree-velocity/gibbon-compiler/examples/parallel]$ ./partree.exe 31 1
ITERS: 1
SIZE: 31
BATCHTIME: 3.882519e+00
SELFTIMED: 3.882519e+00
6442450911

========================================
parallel copy tree
========================================

[nix-shell:~/tree-velocity/gibbon-compiler/examples/parallel]$ ./seqtree.exe 20 9
ITERS: 9
SIZE: 20
BATCHTIME: 1.721179e-01
SELFTIMED: 1.912421e-02
3145706

[nix-shell:~/tree-velocity/gibbon-compiler/examples/parallel]$ ./partree.exe 20 9
ITERS: 9
SIZE: 20
BATCHTIME: 1.162175e-01
SELFTIMED: 1.291306e-02
3145706

[nix-shell:~/tree-velocity/gibbon-compiler/examples/parallel]$ ./seqtree.exe 21 9
ITERS: 9
SIZE: 21
BATCHTIME: 6.550553e-01
SELFTIMED: 7.278392e-02
6291433

[nix-shell:~/tree-velocity/gibbon-compiler/examples/parallel]$ ./partree.exe 21 9
ITERS: 9
SIZE: 21
BATCHTIME: 2.172949e-01
SELFTIMED: 2.414387e-02
6291433

[nix-shell:~/tree-velocity/gibbon-compiler/examples/parallel]$ ./seqtree.exe 22 9
ITERS: 9
SIZE: 22
BATCHTIME: 1.070409e+00
SELFTIMED: 1.189343e-01
12582888

[nix-shell:~/tree-velocity/gibbon-compiler/examples/parallel]$ ./partree.exe 22 9
ITERS: 9
SIZE: 22
BATCHTIME: 3.498548e-01
SELFTIMED: 3.887275e-02
12582888

[nix-shell:~/tree-velocity/gibbon-compiler/examples/parallel]$ ./seqtree.exe 23 9
ITERS: 9
SIZE: 23
BATCHTIME: 1.060936e+00
SELFTIMED: 1.178817e-01
25165799

[nix-shell:~/tree-velocity/gibbon-compiler/examples/parallel]$ ./partree.exe 23 9
ITERS: 9
SIZE: 23
BATCHTIME: 7.565355e-01
SELFTIMED: 8.405950e-02
25165799

[nix-shell:~/tree-velocity/gibbon-compiler/examples/parallel]$ ./seqtree.exe 24 9
ITERS: 9
SIZE: 24
BATCHTIME: 2.145517e+00
SELFTIMED: 2.383907e-01
50331622

[nix-shell:~/tree-velocity/gibbon-compiler/examples/parallel]$ ./partree.exe 24 9
ITERS: 9
SIZE: 24
BATCHTIME: 1.378380e+00
SELFTIMED: 1.531533e-01
50331622

[nix-shell:~/tree-velocity/gibbon-compiler/examples/parallel]$ ./seqtree.exe 25 9
ITERS: 9
SIZE: 25
BATCHTIME: 4.562922e+00
SELFTIMED: 5.069914e-01
100663269

[nix-shell:~/tree-velocity/gibbon-compiler/examples/parallel]$ ./partree.exe 25 9
ITERS: 9
SIZE: 25
BATCHTIME: 2.738921e+00
SELFTIMED: 3.043245e-01
100663269

[nix-shell:~/tree-velocity/gibbon-compiler/examples/parallel]$ ./seqtree.exe 26 1
ITERS: 1
SIZE: 26
BATCHTIME: 1.185051e+00
SELFTIMED: 1.185051e+00
201326564

[nix-shell:~/tree-velocity/gibbon-compiler/examples/parallel]$ ./partree.exe 26 1
ITERS: 1
SIZE: 26
BATCHTIME: 5.457829e-01
SELFTIMED: 5.457829e-01
201326564

[nix-shell:~/tree-velocity/gibbon-compiler/examples/parallel]$ ./seqtree.exe 27 1
ITERS: 1
SIZE: 27
BATCHTIME: 1.887796e+00
SELFTIMED: 1.887796e+00
402653155

[nix-shell:~/tree-velocity/gibbon-compiler/examples/parallel]$ ./partree.exe 27 1
ITERS: 1
SIZE: 27
BATCHTIME: 1.204216e+00
SELFTIMED: 1.204216e+00
402653155

[nix-shell:~/tree-velocity/gibbon-compiler/examples/parallel]$ ./seqtree.exe 28 1
ITERS: 1
SIZE: 28
BATCHTIME: 3.782182e+00
SELFTIMED: 3.782182e+00
805306338

[nix-shell:~/tree-velocity/gibbon-compiler/examples/parallel]$ ./partree.exe 28 1
ITERS: 1
SIZE: 28
BATCHTIME: 2.083580e+00
SELFTIMED: 2.083580e+00
805306338

[nix-shell:~/tree-velocity/gibbon-compiler/examples/parallel]$ ./seqtree.exe 29 1
ITERS: 1
SIZE: 29
BATCHTIME: 7.551017e+00
SELFTIMED: 7.551017e+00
1610612705

[nix-shell:~/tree-velocity/gibbon-compiler/examples/parallel]$ ./partree.exe 29 1
ITERS: 1
SIZE: 29
BATCHTIME: 4.304751e+00
SELFTIMED: 4.304751e+00
1610612705

[nix-shell:~/tree-velocity/gibbon-compiler/examples/parallel]$ ./seqtree.exe 30 1
ITERS: 1
SIZE: 30
BATCHTIME: 1.505205e+01
SELFTIMED: 1.505205e+01
3221225440


[nix-shell:~/tree-velocity/gibbon-compiler/examples/parallel]$ ./partree.exe 30 1
ITERS: 1
SIZE: 30
BATCHTIME: 8.190712e+00
SELFTIMED: 8.190712e+00
3221225440

========================================
parallel sum tree
========================================

[nix-shell:~/tree-velocity/gibbon-compiler/examples/parallel]$ ./seqtree.exe 20 9
ITERS: 9
SIZE: 20
BATCHTIME: 4.771532e-02
SELFTIMED: 5.301702e-03
3145706

[nix-shell:~/tree-velocity/gibbon-compiler/examples/parallel]$ ./partree.exe 20 9
ITERS: 9
SIZE: 20
BATCHTIME: 9.485204e-02
SELFTIMED: 1.053912e-02
3145706

[nix-shell:~/tree-velocity/gibbon-compiler/examples/parallel]$ ./seqtree.exe 21 9
ITERS: 9
SIZE: 21
BATCHTIME: 9.559721e-02
SELFTIMED: 1.062191e-02
6291433

[nix-shell:~/tree-velocity/gibbon-compiler/examples/parallel]$ ./partree.exe 21 9
ITERS: 9
SIZE: 21
BATCHTIME: 1.526555e-01
SELFTIMED: 1.696172e-02
6291433

[nix-shell:~/tree-velocity/gibbon-compiler/examples/parallel]$ ./seqtree.exe 22 9
ITERS: 9
SIZE: 22
BATCHTIME: 1.466296e-01
SELFTIMED: 1.629218e-02
12582888

[nix-shell:~/tree-velocity/gibbon-compiler/examples/parallel]$ ./partree.exe 22 9
ITERS: 9
SIZE: 22
BATCHTIME: 2.480176e-01
SELFTIMED: 2.755751e-02
12582888


[nix-shell:~/tree-velocity/gibbon-compiler/examples/parallel]$ ./seqtree.exe 23 9
ITERS: 9
SIZE: 23
BATCHTIME: 6.226843e-01
SELFTIMED: 6.918715e-02
25165799

[nix-shell:~/tree-velocity/gibbon-compiler/examples/parallel]$ ./partree.exe 23 9
ITERS: 9
SIZE: 23
BATCHTIME: 6.118854e-01
SELFTIMED: 6.798727e-02
25165799

[nix-shell:~/tree-velocity/gibbon-compiler/examples/parallel]$ ./seqtree.exe 24 9
ITERS: 9
SIZE: 24
BATCHTIME: 5.104497e-01
SELFTIMED: 5.671664e-02
50331622

[nix-shell:~/tree-velocity/gibbon-compiler/examples/parallel]$ ./partree.exe 24 9
ITERS: 9
SIZE: 24
BATCHTIME: 1.132750e+00
SELFTIMED: 1.258611e-01
50331622

[nix-shell:~/tree-velocity/gibbon-compiler/examples/parallel]$ ./seqtree.exe 25 9
ITERS: 9
SIZE: 25
BATCHTIME: 1.023139e+00
SELFTIMED: 1.136821e-01
100663269

[nix-shell:~/tree-velocity/gibbon-compiler/examples/parallel]$ ./partree.exe 25 9
ITERS: 9
SIZE: 25
BATCHTIME: 2.198453e+00
SELFTIMED: 2.442725e-01
100663269

=================================================
parallel buildtree mpl
=================================================

[nix-shell:~/mpl/examples]$ ./buildtree -- -N 20
buildtree 20
finished in 0.0493s
result 3145706

[nix-shell:~/mpl/examples]$ ./buildtree -- -N 21
buildtree 21
finished in 0.1422s
result 6291433

[nix-shell:~/mpl/examples]$ ./buildtree -- -N 22
buildtree 22
finished in 0.2009s
result 12582888

[nix-shell:~/mpl/examples]$ ./buildtree -- -N 23
buildtree 23
finished in 0.5506s
result 25165799

[nix-shell:~/mpl/examples]$ ./buildtree -- -N 24
buildtree 24
finished in 0.8048s
result 50331622

[nix-shell:~/mpl/examples]$ ./buildtree -- -N 25
buildtree 25
finished in 1.4949s
result 100663269

[nix-shell:~/mpl/examples]$ ./buildtree -- -N 26
buildtree 26
finished in 1.7069s
result 201326564

[nix-shell:~/mpl/examples]$ ./buildtree -- -N 27
buildtree 27
finished in 5.1451s
result 402653155

[nix-shell:~/mpl/examples]$ ./buildtree -- -N 28
buildtree 28
finished in 7.6848s
result 805306338

[nix-shell:~/mpl/examples]$ ./buildtree -- -N 29
buildtree 29
finished in 14.5164s
result 1610612705

[nix-shell:~/mpl/examples]$ ./buildtree -- -N 30
buildtree 30
finished in 27.8959s
result 3221225440

========================================
sequential buildtree mpl
========================================

[nix-shell:~/mpl/examples]$ ./buildtree -- -N 20
buildtree 20
finished in 0.0361s
result 3145706

[nix-shell:~/mpl/examples]$ ./buildtree -- -N 21
buildtree 21
finished in 0.0647s
result 6291433

[nix-shell:~/mpl/examples]$ ./buildtree -- -N 22
buildtree 22
finished in 0.1203s
result 12582888

[nix-shell:~/mpl/examples]$ ./buildtree -- -N 23
buildtree 23
finished in 0.1719s
result 25165799

[nix-shell:~/mpl/examples]$ ./buildtree -- -N 24
buildtree 24
finished in 0.7019s
result 50331622

[nix-shell:~/mpl/examples]$ ./buildtree -- -N 25
buildtree 25
finished in 1.1741s
result 100663269

[nix-shell:~/mpl/examples]$ ./buildtree -- -N 26
buildtree 26
finished in 1.2264s
result 201326564

[nix-shell:~/mpl/examples]$ ./buildtree -- -N 27
buildtree 27
finished in 3.2282s
result 402653155

[nix-shell:~/mpl/examples]$ ./buildtree -- -N 28
buildtree 28
finished in 4.7078s
result 805306338

[nix-shell:~/mpl/examples]$ ./buildtree -- -N 29
buildtree 29
finished in 9.4127s
result 1610612705

[nix-shell:~/mpl/examples]$ ./buildtree -- -N 30
buildtree 30
finished in 19.4152s
result 3221225440

========================================
parfib
========================================

[nix-shell:~/tree-velocity/gibbon-compiler/examples/parallel]$ ./ParFib.exe 45
ITERS: 1
SIZE: 45
BATCHTIME: 6.894510e-01
SELFTIMED: 6.894510e-01
1134903170

[nix-shell:~/mpl/examples]$ ./fib -- -N 45
fib 45
finished in 10.8087s
result 1134903170


[nix-shell:~/tree-velocity/gibbon-compiler/examples/parallel]$ ./ParFib.exe 50
ITERS: 1
SIZE: 50
BATCHTIME: 4.071833e+00
SELFTIMED: 4.071833e+00
12586269025

[nix-shell:~/mpl/examples]$ ./fib -- -N 50
finished in 110.4295s
result 12586269025
