 ! Responding to env Var: GIBBON_DEBUG=4
 ! We set DEBUG based on command-line verbose arg: 4
================================================================================

desugaring module: AddImport

- imports: ["Addone","Addtwo","AddTree"]

- aliases: fromList [(Var "Addone",Var "On"),(Var "Addtwo",Var "Tw"),(Var "AddTree",Var "AddTree")]

================================================================================

desugaring module: Addone

- imports: ["AddTree"]

- aliases: fromList [(Var "AddTree",Var "AddTree")]

================================================================================

desugaring module: AddTree

- imports: []

- aliases: fromList []

================================================================================

desugaring module: Addtwo

- imports: ["AddTree"]

- aliases: fromList [(Var "AddTree",Var "AddTree")]

gibbon: Ambiguous reference
CallStack (from HasCallStack):
  error, called at src/Gibbon/Passes/ModuleFillImports.hs:226:35 in gibbon-0.3-inplace:Gibbon.Passes.ModuleFillImports
